node:internal/modules/cjs/loader:1386
  throw err;
  ^

Error: Cannot find module 'pg'
Require stack:
- /home/iamsrinjoy/random_stuff/wacrm/query_db.js
    at Module._resolveFilename (node:internal/modules/cjs/loader:1383:15)
    at defaultResolveImpl (node:internal/modules/cjs/loader:1025:19)
    at resolveForCJSWithHooks (node:internal/modules/cjs/loader:1030:22)
    at Module._load (node:internal/modules/cjs/loader:1192:37)
    at TracingChannel.traceSync (node:diagnostics_channel:328:14)
    at wrapModuleLoad (node:internal/modules/cjs/loader:237:24)
    at Module.require (node:internal/modules/cjs/loader:1463:12)
    at require (node:internal/modules/helpers:147:16)
    at Object.<anonymous> (/home/iamsrinjoy/random_stuff/wacrm/query_db.js:1:18)
    at Module._compile (node:internal/modules/cjs/loader:1705:14) {
  code: 'MODULE_NOT_FOUND',
  requireStack: [ '/home/iamsrinjoy/random_stuff/wacrm/query_db.js' ]
}

Node.js v22.22.2
